<?xml version="1.0" encoding="UTF-8"?>
<!-- Generated by org.testng.reporters.JUnitXMLReporter -->
<testsuite hostname="DESKTOP-947DOM6" ignored="1" name="Default test" tests="2" failures="0" timestamp="2020-10-20T14:23:12 PDT" time="31.116" errors="0">
  <testcase name="login" time="6.187" classname="Automation.LoginNavigation"/>
  <testcase name="privatePolicyNavigation" time="8.476" classname="Automation.LoginNavigation"/>
  <testcase name="termsAndCondNavigation" time="0.0" classname="Automation.LoginNavigation">
    <ignored/>
  </testcase> <!-- termsAndCondNavigation -->
</testsuite> <!-- Default test -->
