<?xml version="1.0" encoding="UTF-8"?>
<!-- Generated by org.testng.reporters.JUnitXMLReporter -->
<testsuite hostname="DESKTOP-947DOM6" ignored="3" name="RegressionTest" tests="3" failures="0" timestamp="2020-10-06T10:40:42 PDT" time="46.853" errors="0">
  <testcase name="printingTableRecord" time="2.761" classname="Automation.TravelplanesNavigation"/>
  <testcase name="headerPrint" time="1.407" classname="Automation.CheckinpageNavigation"/>
  <testcase name="numOfTravelLinks" time="0.145" classname="Automation.TravelinfoNavigation"/>
  <testcase name="checkInInfo" time="0.0" classname="Automation.CheckinpageNavigation">
    <ignored/>
  </testcase> <!-- checkInInfo -->
  <testcase name="planesLinkNavigation" time="0.0" classname="Automation.TravelinfoNavigation">
    <ignored/>
  </testcase> <!-- planesLinkNavigation -->
  <testcase name="checkInNavigation" time="0.0" classname="Automation.TravelinfoNavigation">
    <ignored/>
  </testcase> <!-- checkInNavigation -->
</testsuite> <!-- RegressionTest -->
