<?xml version="1.0" encoding="UTF-8"?>
<!-- Generated by org.testng.reporters.JUnitXMLReporter -->
<testsuite hostname="DESKTOP-947DOM6" ignored="3" name="smokeTest(failed)" tests="1" failures="1" timestamp="2020-10-05T12:28:37 PDT" time="12.513" errors="0">
  <testcase name="travelRestChildWindow" time="0.014" classname="Automation.HomepageNavigation">
    <failure type="java.util.NoSuchElementException">
      <![CDATA[java.util.NoSuchElementException
at java.util.LinkedHashMap$LinkedHashIterator.nextNode(Unknown Source)
at java.util.LinkedHashMap$LinkedKeyIterator.next(Unknown Source)
at Automation.HomepageNavigation.travelRestChildWindow(HomepageNavigation.java:172)
at java.util.ArrayList.forEach(Unknown Source)
... Removed 27 stack frames]]>
    </failure>
  </testcase> <!-- travelRestChildWindow -->
  <testcase name="flightInfo" time="0.0" classname="Automation.HomepageNavigation">
    <ignored/>
  </testcase> <!-- flightInfo -->
  <testcase name="hpNavigation" time="0.0" classname="Automation.HomepageNavigation">
    <ignored/>
  </testcase> <!-- hpNavigation -->
  <testcase name="footerNavigation" time="0.0" classname="Automation.HomepageNavigation">
    <ignored/>
  </testcase> <!-- footerNavigation -->
</testsuite> <!-- smokeTest(failed) -->
