<?xml version="1.0" encoding="UTF-8"?>
<testsuite xmlns:xsi="http://www.w3.org/2001/XMLSchema-instance" xsi:noNamespaceSchemaLocation="https://maven.apache.org/surefire/maven-surefire-plugin/xsd/surefire-test-report-3.0.xsd" version="3.0" name="TestSuite" time="49.688" tests="5" errors="0" skipped="0" failures="1">
  <properties>
[...]
</properties>
  <testcase name="hpNavigation" classname="Automation.HomepageNavigation" time="2.231">
    <system-out><![CDATA[Travel restrictions
130
I passed SuccessfullyhpNavigation
]]></system-out>
    <system-err><![CDATA[Starting ChromeDriver 85.0.4183.87 (cd6713ebf92fa1cacc0f1a598df280093af0c5d7-refs/branch-heads/4183@{#1689}) on port 20486
Only local connections are allowed.
Please see https://chromedriver.chromium.org/security-considerations for suggestions on keeping ChromeDriver safe.
ChromeDriver was started successfully.
[1602720883.516][WARNING]: This version of ChromeDriver has not been tested with Chrome version 86.
Oct 14, 2020 5:14:45 PM org.openqa.selenium.remote.ProtocolHandshake createSession
INFO: Detected dialect: W3C
]]></system-err>
  </testcase>
  <testcase name="travelRestChildWindow" classname="Automation.HomepageNavigation" time="4.753">
    <failure message="expected [Sherpa – Move Free] but found [Sherpa – Move Freely]" type="java.lang.AssertionError"><![CDATA[java.lang.AssertionError: expected [Sherpa – Move Free] but found [Sherpa – Move Freely]
	at Automation.HomepageNavigation.travelRestChildWindow(HomepageNavigation.java:193)
]]></failure>
    <system-out><![CDATA[Sherpa – Move Freely
]]></system-out>
  </testcase>
  <testcase name="login[ashnbel, reddy, 1828he](1)" classname="Automation.LoginNavigation" time="4.301">
    <system-out><![CDATA[I passed Successfullylogin
]]></system-out>
    <system-err><![CDATA[Starting ChromeDriver 85.0.4183.87 (cd6713ebf92fa1cacc0f1a598df280093af0c5d7-refs/branch-heads/4183@{#1689}) on port 45471
Only local connections are allowed.
Please see https://chromedriver.chromium.org/security-considerations for suggestions on keeping ChromeDriver safe.
ChromeDriver was started successfully.
Starting ChromeDriver 85.0.4183.87 (cd6713ebf92fa1cacc0f1a598df280093af0c5d7-refs/branch-heads/4183@{#1689}) on port 44549
Only local connections are allowed.
Please see https://chromedriver.chromium.org/security-considerations for suggestions on keeping ChromeDriver safe.
ChromeDriver was started successfully.
[1602720900.027][WARNING]: This version of ChromeDriver has not been tested with Chrome version 86.
[1602720900.244][WARNING]: This version of ChromeDriver has not been tested with Chrome version 86.
Oct 14, 2020 5:15:02 PM org.openqa.selenium.remote.ProtocolHandshake createSession
INFO: Detected dialect: W3C
Oct 14, 2020 5:15:02 PM org.openqa.selenium.remote.ProtocolHandshake createSession
INFO: Detected dialect: W3C
]]></system-err>
  </testcase>
  <testcase name="checkInInfo" classname="Automation.CheckinpageNavigation" time="9.855">
    <system-out><![CDATA[Please check the page for errors
I passed SuccessfullycheckInInfo
]]></system-out>
  </testcase>
  <testcase name="headerPrint" classname="Automation.CheckinpageNavigation" time="2.026">
    <system-out><![CDATA[Check in 24 hours before your flight
I passed SuccessfullyheaderPrint
]]></system-out>
  </testcase>
</testsuite>